This file contains any messages produced by compilers while
running configure, to aid debugging if configure makes a mistake.

It was created by datasim configure 1.0, which was
generated by GNU Autoconf 2.63.  Invocation command line was

  $ ./configure --prefix=/glthome

## --------- ##
## Platform. ##
## --------- ##

hostname = node01
uname -m = x86_64
uname -r = 2.6.32-279.19.1.el6.x86_64
uname -s = Linux
uname -v = #1 SMP Tue Dec 18 17:22:54 CST 2012

/usr/bin/uname -p = unknown
/bin/uname -X     = unknown

/bin/arch              = x86_64
/usr/bin/arch -k       = unknown
/usr/convex/getsysinfo = unknown
/usr/bin/hostinfo      = unknown
/bin/machine           = unknown
/usr/bin/oslevel       = unknown
/bin/universe          = unknown

PATH: /glthome/hops3.8misc/bin
PATH: /glthome/DiFX/DiFX-2.4.0/bin
PATH: /glthome/anaconda3/bin
PATH: /usr/lib64/openmpi/bin
PATH: /usr/local/bin
PATH: /penguin/apps/bin
PATH: /glthome/bin
PATH: /usr/lib64/openmpi/bin
PATH: /asiaa/home/zhengmeyer/apps/casapy-40.0.22208-002-64b
PATH: /usr/lib64/openmpi/bin
PATH: /usr/lib64/qt-3.3/bin
PATH: /usr/kerberos/sbin
PATH: /usr/kerberos/bin
PATH: /usr/local/bin
PATH: /bin
PATH: /usr/bin
PATH: /usr/local/sbin
PATH: /usr/sbin
PATH: /sbin
PATH: /glthome/MAPS/bin
PATH: /data/EHTdata-handson/common/bin
PATH: /data/EHTdata-handson/common/pythonlib
PATH: /data/EHTdata-handson/common/spmi/bin


## ----------- ##
## Core tests. ##
## ----------- ##

configure:1916: checking for a BSD-compatible install
configure:1984: result: /usr/bin/install -c
configure:1995: checking whether build environment is sane
configure:2055: result: yes
configure:2196: checking for a thread-safe mkdir -p
configure:2235: result: /bin/mkdir -p
configure:2248: checking for gawk
configure:2264: found /bin/gawk
configure:2275: result: gawk
configure:2286: checking whether make sets $(MAKE)
configure:2308: result: yes
configure:2453: checking for mpic++
configure:2469: found /usr/lib64/openmpi/bin/mpic++
configure:2480: result: mpic++
configure:2507: checking for C++ compiler version
configure:2515: mpic++ --version >&5
g++ (GCC) 4.4.6 20120305 (Red Hat 4.4.6-4)
Copyright (C) 2010 Free Software Foundation, Inc.
This is free software; see the source for copying conditions.  There is NO
warranty; not even for MERCHANTABILITY or FITNESS FOR A PARTICULAR PURPOSE.

configure:2519: $? = 0
configure:2526: mpic++ -v >&5
Using built-in specs.
Target: x86_64-redhat-linux
Configured with: ../configure --prefix=/usr --mandir=/usr/share/man --infodir=/usr/share/info --with-bugurl=http://bugzilla.redhat.com/bugzilla --enable-bootstrap --enable-shared --enable-threads=posix --enable-checking=release --with-system-zlib --enable-__cxa_atexit --disable-libunwind-exceptions --enable-gnu-unique-object --enable-languages=c,c++,objc,obj-c++,java,fortran,ada --enable-java-awt=gtk --disable-dssi --with-java-home=/usr/lib/jvm/java-1.5.0-gcj-1.5.0.0/jre --enable-libgcj-multifile --enable-java-maintainer-mode --with-ecj-jar=/usr/share/java/eclipse-ecj.jar --disable-libjava-multilib --with-ppl --with-cloog --with-tune=generic --with-arch_32=i686 --build=x86_64-redhat-linux
Thread model: posix
gcc version 4.4.6 20120305 (Red Hat 4.4.6-4) (GCC) 
configure:2530: $? = 0
configure:2537: mpic++ -V >&5
g++: '-V' option must have argument
configure:2541: $? = 1
configure:2564: checking for C++ compiler default output file name
configure:2586: mpic++    conftest.cpp  >&5
configure:2590: $? = 0
configure:2628: result: a.out
configure:2647: checking whether the C++ compiler works
configure:2657: ./a.out
configure:2661: $? = 0
configure:2680: result: yes
configure:2687: checking whether we are cross compiling
configure:2689: result: no
configure:2692: checking for suffix of executables
configure:2699: mpic++ -o conftest    conftest.cpp  >&5
configure:2703: $? = 0
configure:2729: result: 
configure:2735: checking for suffix of object files
configure:2761: mpic++ -c   conftest.cpp >&5
configure:2765: $? = 0
configure:2790: result: o
configure:2794: checking whether we are using the GNU C++ compiler
configure:2823: mpic++ -c   conftest.cpp >&5
configure:2830: $? = 0
configure:2847: result: yes
configure:2856: checking whether mpic++ accepts -g
configure:2886: mpic++ -c -g  conftest.cpp >&5
configure:2893: $? = 0
configure:2994: result: yes
configure:3028: checking for style of include used by make
configure:3056: result: GNU
configure:3081: checking dependency style of mpic++
configure:3191: result: gcc3
configure:3260: checking for mpicc
configure:3276: found /usr/lib64/openmpi/bin/mpicc
configure:3287: result: mpicc
configure:3321: checking for C compiler version
configure:3329: mpicc --version >&5
gcc (GCC) 4.4.6 20120305 (Red Hat 4.4.6-4)
Copyright (C) 2010 Free Software Foundation, Inc.
This is free software; see the source for copying conditions.  There is NO
warranty; not even for MERCHANTABILITY or FITNESS FOR A PARTICULAR PURPOSE.

configure:3333: $? = 0
configure:3340: mpicc -v >&5
Using built-in specs.
Target: x86_64-redhat-linux
Configured with: ../configure --prefix=/usr --mandir=/usr/share/man --infodir=/usr/share/info --with-bugurl=http://bugzilla.redhat.com/bugzilla --enable-bootstrap --enable-shared --enable-threads=posix --enable-checking=release --with-system-zlib --enable-__cxa_atexit --disable-libunwind-exceptions --enable-gnu-unique-object --enable-languages=c,c++,objc,obj-c++,java,fortran,ada --enable-java-awt=gtk --disable-dssi --with-java-home=/usr/lib/jvm/java-1.5.0-gcj-1.5.0.0/jre --enable-libgcj-multifile --enable-java-maintainer-mode --with-ecj-jar=/usr/share/java/eclipse-ecj.jar --disable-libjava-multilib --with-ppl --with-cloog --with-tune=generic --with-arch_32=i686 --build=x86_64-redhat-linux
Thread model: posix
gcc version 4.4.6 20120305 (Red Hat 4.4.6-4) (GCC) 
configure:3344: $? = 0
configure:3351: mpicc -V >&5
gcc: '-V' option must have argument
configure:3355: $? = 1
configure:3358: checking whether we are using the GNU C compiler
configure:3387: mpicc -c   conftest.c >&5
configure:3394: $? = 0
configure:3411: result: yes
configure:3420: checking whether mpicc accepts -g
configure:3450: mpicc -c -g  conftest.c >&5
configure:3457: $? = 0
configure:3558: result: yes
configure:3575: checking for mpicc option to accept ISO C89
configure:3649: mpicc  -c -g -O2  conftest.c >&5
configure:3656: $? = 0
configure:3679: result: none needed
configure:3699: checking dependency style of mpicc
configure:3809: result: gcc3
configure:3824: checking whether make sets $(MAKE)
configure:3846: result: yes
configure:3859: checking for gsl_ran_gaussian_ziggurat in -lgsl
configure:3894: mpicc -o conftest -g -O2   conftest.c -lgsl   >&5
/usr/lib/gcc/x86_64-redhat-linux/4.4.6/../../../../lib64/libgsl.so: undefined reference to `cblas_ctrmv'
/usr/lib/gcc/x86_64-redhat-linux/4.4.6/../../../../lib64/libgsl.so: undefined reference to `cblas_zswap'
/usr/lib/gcc/x86_64-redhat-linux/4.4.6/../../../../lib64/libgsl.so: undefined reference to `cblas_zsymm'
/usr/lib/gcc/x86_64-redhat-linux/4.4.6/../../../../lib64/libgsl.so: undefined reference to `cblas_cgeru'
/usr/lib/gcc/x86_64-redhat-linux/4.4.6/../../../../lib64/libgsl.so: undefined reference to `cblas_sgemm'
/usr/lib/gcc/x86_64-redhat-linux/4.4.6/../../../../lib64/libgsl.so: undefined reference to `cblas_ctrsv'
/usr/lib/gcc/x86_64-redhat-linux/4.4.6/../../../../lib64/libgsl.so: undefined reference to `cblas_sgemv'
/usr/lib/gcc/x86_64-redhat-linux/4.4.6/../../../../lib64/libgsl.so: undefined reference to `cblas_srotg'
/usr/lib/gcc/x86_64-redhat-linux/4.4.6/../../../../lib64/libgsl.so: undefined reference to `cblas_zgemm'
/usr/lib/gcc/x86_64-redhat-linux/4.4.6/../../../../lib64/libgsl.so: undefined reference to `cblas_cdotu_sub'
/usr/lib/gcc/x86_64-redhat-linux/4.4.6/../../../../lib64/libgsl.so: undefined reference to `cblas_dznrm2'
/usr/lib/gcc/x86_64-redhat-linux/4.4.6/../../../../lib64/libgsl.so: undefined reference to `cblas_ddot'
/usr/lib/gcc/x86_64-redhat-linux/4.4.6/../../../../lib64/libgsl.so: undefined reference to `cblas_csymm'
/usr/lib/gcc/x86_64-redhat-linux/4.4.6/../../../../lib64/libgsl.so: undefined reference to `cblas_cher2k'
/usr/lib/gcc/x86_64-redhat-linux/4.4.6/../../../../lib64/libgsl.so: undefined reference to `cblas_zdotu_sub'
/usr/lib/gcc/x86_64-redhat-linux/4.4.6/../../../../lib64/libgsl.so: undefined reference to `cblas_sdot'
/usr/lib/gcc/x86_64-redhat-linux/4.4.6/../../../../lib64/libgsl.so: undefined reference to `cblas_sdsdot'
/usr/lib/gcc/x86_64-redhat-linux/4.4.6/../../../../lib64/libgsl.so: undefined reference to `cblas_cgerc'
/usr/lib/gcc/x86_64-redhat-linux/4.4.6/../../../../lib64/libgsl.so: undefined reference to `cblas_scnrm2'
/usr/lib/gcc/x86_64-redhat-linux/4.4.6/../../../../lib64/libgsl.so: undefined reference to `cblas_ctrmm'
/usr/lib/gcc/x86_64-redhat-linux/4.4.6/../../../../lib64/libgsl.so: undefined reference to `cblas_sscal'
/usr/lib/gcc/x86_64-redhat-linux/4.4.6/../../../../lib64/libgsl.so: undefined reference to `cblas_strmm'
/usr/lib/gcc/x86_64-redhat-linux/4.4.6/../../../../lib64/libgsl.so: undefined reference to `cblas_zcopy'
/usr/lib/gcc/x86_64-redhat-linux/4.4.6/../../../../lib64/libgsl.so: undefined reference to `cblas_dsyrk'
/usr/lib/gcc/x86_64-redhat-linux/4.4.6/../../../../lib64/libgsl.so: undefined reference to `cblas_cherk'
/usr/lib/gcc/x86_64-redhat-linux/4.4.6/../../../../lib64/libgsl.so: undefined reference to `cblas_zherk'
/usr/lib/gcc/x86_64-redhat-linux/4.4.6/../../../../lib64/libgsl.so: undefined reference to `cblas_zher'
/usr/lib/gcc/x86_64-redhat-linux/4.4.6/../../../../lib64/libgsl.so: undefined reference to `cblas_ztrmv'
/usr/lib/gcc/x86_64-redhat-linux/4.4.6/../../../../lib64/libgsl.so: undefined reference to `cblas_drotmg'
/usr/lib/gcc/x86_64-redhat-linux/4.4.6/../../../../lib64/libgsl.so: undefined reference to `cblas_dswap'
/usr/lib/gcc/x86_64-redhat-linux/4.4.6/../../../../lib64/libgsl.so: undefined reference to `cblas_scopy'
/usr/lib/gcc/x86_64-redhat-linux/4.4.6/../../../../lib64/libgsl.so: undefined reference to `cblas_scasum'
/usr/lib/gcc/x86_64-redhat-linux/4.4.6/../../../../lib64/libgsl.so: undefined reference to `cblas_zscal'
/usr/lib/gcc/x86_64-redhat-linux/4.4.6/../../../../lib64/libgsl.so: undefined reference to `cblas_drotg'
/usr/lib/gcc/x86_64-redhat-linux/4.4.6/../../../../lib64/libgsl.so: undefined reference to `cblas_zdotc_sub'
/usr/lib/gcc/x86_64-redhat-linux/4.4.6/../../../../lib64/libgsl.so: undefined reference to `cblas_cscal'
/usr/lib/gcc/x86_64-redhat-linux/4.4.6/../../../../lib64/libgsl.so: undefined reference to `cblas_caxpy'
/usr/lib/gcc/x86_64-redhat-linux/4.4.6/../../../../lib64/libgsl.so: undefined reference to `cblas_zsyr2k'
/usr/lib/gcc/x86_64-redhat-linux/4.4.6/../../../../lib64/libgsl.so: undefined reference to `cblas_ssyr2k'
/usr/lib/gcc/x86_64-redhat-linux/4.4.6/../../../../lib64/libgsl.so: undefined reference to `cblas_csyr2k'
/usr/lib/gcc/x86_64-redhat-linux/4.4.6/../../../../lib64/libgsl.so: undefined reference to `cblas_ztrsm'
/usr/lib/gcc/x86_64-redhat-linux/4.4.6/../../../../lib64/libgsl.so: undefined reference to `cblas_ctrsm'
/usr/lib/gcc/x86_64-redhat-linux/4.4.6/../../../../lib64/libgsl.so: undefined reference to `cblas_ssymm'
/usr/lib/gcc/x86_64-redhat-linux/4.4.6/../../../../lib64/libgsl.so: undefined reference to `cblas_cdotc_sub'
/usr/lib/gcc/x86_64-redhat-linux/4.4.6/../../../../lib64/libgsl.so: undefined reference to `cblas_zher2k'
/usr/lib/gcc/x86_64-redhat-linux/4.4.6/../../../../lib64/libgsl.so: undefined reference to `cblas_saxpy'
/usr/lib/gcc/x86_64-redhat-linux/4.4.6/../../../../lib64/libgsl.so: undefined reference to `cblas_idamax'
/usr/lib/gcc/x86_64-redhat-linux/4.4.6/../../../../lib64/libgsl.so: undefined reference to `cblas_snrm2'
/usr/lib/gcc/x86_64-redhat-linux/4.4.6/../../../../lib64/libgsl.so: undefined reference to `cblas_dsdot'
/usr/lib/gcc/x86_64-redhat-linux/4.4.6/../../../../lib64/libgsl.so: undefined reference to `cblas_cher'
/usr/lib/gcc/x86_64-redhat-linux/4.4.6/../../../../lib64/libgsl.so: undefined reference to `cblas_dger'
/usr/lib/gcc/x86_64-redhat-linux/4.4.6/../../../../lib64/libgsl.so: undefined reference to `cblas_cher2'
/usr/lib/gcc/x86_64-redhat-linux/4.4.6/../../../../lib64/libgsl.so: undefined reference to `cblas_dzasum'
/usr/lib/gcc/x86_64-redhat-linux/4.4.6/../../../../lib64/libgsl.so: undefined reference to `cblas_dsyr2'
/usr/lib/gcc/x86_64-redhat-linux/4.4.6/../../../../lib64/libgsl.so: undefined reference to `cblas_ssyrk'
/usr/lib/gcc/x86_64-redhat-linux/4.4.6/../../../../lib64/libgsl.so: undefined reference to `cblas_strmv'
/usr/lib/gcc/x86_64-redhat-linux/4.4.6/../../../../lib64/libgsl.so: undefined reference to `cblas_dgemv'
/usr/lib/gcc/x86_64-redhat-linux/4.4.6/../../../../lib64/libgsl.so: undefined reference to `cblas_cgemm'
/usr/lib/gcc/x86_64-redhat-linux/4.4.6/../../../../lib64/libgsl.so: undefined reference to `cblas_dasum'
/usr/lib/gcc/x86_64-redhat-linux/4.4.6/../../../../lib64/libgsl.so: undefined reference to `cblas_dsymv'
/usr/lib/gcc/x86_64-redhat-linux/4.4.6/../../../../lib64/libgsl.so: undefined reference to `cblas_srotm'
/usr/lib/gcc/x86_64-redhat-linux/4.4.6/../../../../lib64/libgsl.so: undefined reference to `cblas_sswap'
/usr/lib/gcc/x86_64-redhat-linux/4.4.6/../../../../lib64/libgsl.so: undefined reference to `cblas_dtrmv'
/usr/lib/gcc/x86_64-redhat-linux/4.4.6/../../../../lib64/libgsl.so: undefined reference to `cblas_isamax'
/usr/lib/gcc/x86_64-redhat-linux/4.4.6/../../../../lib64/libgsl.so: undefined reference to `cblas_zhemv'
/usr/lib/gcc/x86_64-redhat-linux/4.4.6/../../../../lib64/libgsl.so: undefined reference to `cblas_zaxpy'
/usr/lib/gcc/x86_64-redhat-linux/4.4.6/../../../../lib64/libgsl.so: undefined reference to `cblas_dcopy'
/usr/lib/gcc/x86_64-redhat-linux/4.4.6/../../../../lib64/libgsl.so: undefined reference to `cblas_sasum'
/usr/lib/gcc/x86_64-redhat-linux/4.4.6/../../../../lib64/libgsl.so: undefined reference to `cblas_dsyr'
/usr/lib/gcc/x86_64-redhat-linux/4.4.6/../../../../lib64/libgsl.so: undefined reference to `cblas_strsm'
/usr/lib/gcc/x86_64-redhat-linux/4.4.6/../../../../lib64/libgsl.so: undefined reference to `cblas_drot'
/usr/lib/gcc/x86_64-redhat-linux/4.4.6/../../../../lib64/libgsl.so: undefined reference to `cblas_ztrsv'
/usr/lib/gcc/x86_64-redhat-linux/4.4.6/../../../../lib64/libgsl.so: undefined reference to `cblas_izamax'
/usr/lib/gcc/x86_64-redhat-linux/4.4.6/../../../../lib64/libgsl.so: undefined reference to `cblas_ssymv'
/usr/lib/gcc/x86_64-redhat-linux/4.4.6/../../../../lib64/libgsl.so: undefined reference to `cblas_chemm'
/usr/lib/gcc/x86_64-redhat-linux/4.4.6/../../../../lib64/libgsl.so: undefined reference to `cblas_zgeru'
/usr/lib/gcc/x86_64-redhat-linux/4.4.6/../../../../lib64/libgsl.so: undefined reference to `cblas_dtrsv'
/usr/lib/gcc/x86_64-redhat-linux/4.4.6/../../../../lib64/libgsl.so: undefined reference to `cblas_sger'
/usr/lib/gcc/x86_64-redhat-linux/4.4.6/../../../../lib64/libgsl.so: undefined reference to `cblas_srot'
/usr/lib/gcc/x86_64-redhat-linux/4.4.6/../../../../lib64/libgsl.so: undefined reference to `cblas_dsymm'
/usr/lib/gcc/x86_64-redhat-linux/4.4.6/../../../../lib64/libgsl.so: undefined reference to `cblas_ztrmm'
/usr/lib/gcc/x86_64-redhat-linux/4.4.6/../../../../lib64/libgsl.so: undefined reference to `cblas_zdscal'
/usr/lib/gcc/x86_64-redhat-linux/4.4.6/../../../../lib64/libgsl.so: undefined reference to `cblas_zher2'
/usr/lib/gcc/x86_64-redhat-linux/4.4.6/../../../../lib64/libgsl.so: undefined reference to `cblas_ssyr'
/usr/lib/gcc/x86_64-redhat-linux/4.4.6/../../../../lib64/libgsl.so: undefined reference to `cblas_dtrmm'
/usr/lib/gcc/x86_64-redhat-linux/4.4.6/../../../../lib64/libgsl.so: undefined reference to `cblas_zgerc'
/usr/lib/gcc/x86_64-redhat-linux/4.4.6/../../../../lib64/libgsl.so: undefined reference to `cblas_csscal'
/usr/lib/gcc/x86_64-redhat-linux/4.4.6/../../../../lib64/libgsl.so: undefined reference to `cblas_dsyr2k'
/usr/lib/gcc/x86_64-redhat-linux/4.4.6/../../../../lib64/libgsl.so: undefined reference to `cblas_chemv'
/usr/lib/gcc/x86_64-redhat-linux/4.4.6/../../../../lib64/libgsl.so: undefined reference to `cblas_dnrm2'
/usr/lib/gcc/x86_64-redhat-linux/4.4.6/../../../../lib64/libgsl.so: undefined reference to `cblas_drotm'
/usr/lib/gcc/x86_64-redhat-linux/4.4.6/../../../../lib64/libgsl.so: undefined reference to `cblas_icamax'
/usr/lib/gcc/x86_64-redhat-linux/4.4.6/../../../../lib64/libgsl.so: undefined reference to `cblas_zgemv'
/usr/lib/gcc/x86_64-redhat-linux/4.4.6/../../../../lib64/libgsl.so: undefined reference to `cblas_zhemm'
/usr/lib/gcc/x86_64-redhat-linux/4.4.6/../../../../lib64/libgsl.so: undefined reference to `cblas_cgemv'
/usr/lib/gcc/x86_64-redhat-linux/4.4.6/../../../../lib64/libgsl.so: undefined reference to `cblas_ssyr2'
/usr/lib/gcc/x86_64-redhat-linux/4.4.6/../../../../lib64/libgsl.so: undefined reference to `cblas_strsv'
/usr/lib/gcc/x86_64-redhat-linux/4.4.6/../../../../lib64/libgsl.so: undefined reference to `cblas_dscal'
/usr/lib/gcc/x86_64-redhat-linux/4.4.6/../../../../lib64/libgsl.so: undefined reference to `cblas_dgemm'
/usr/lib/gcc/x86_64-redhat-linux/4.4.6/../../../../lib64/libgsl.so: undefined reference to `cblas_srotmg'
/usr/lib/gcc/x86_64-redhat-linux/4.4.6/../../../../lib64/libgsl.so: undefined reference to `cblas_dtrsm'
/usr/lib/gcc/x86_64-redhat-linux/4.4.6/../../../../lib64/libgsl.so: undefined reference to `cblas_ccopy'
/usr/lib/gcc/x86_64-redhat-linux/4.4.6/../../../../lib64/libgsl.so: undefined reference to `cblas_zsyrk'
/usr/lib/gcc/x86_64-redhat-linux/4.4.6/../../../../lib64/libgsl.so: undefined reference to `cblas_cswap'
/usr/lib/gcc/x86_64-redhat-linux/4.4.6/../../../../lib64/libgsl.so: undefined reference to `cblas_daxpy'
/usr/lib/gcc/x86_64-redhat-linux/4.4.6/../../../../lib64/libgsl.so: undefined reference to `cblas_csyrk'
collect2: ld returned 1 exit status
configure:3901: $? = 1
configure: failed program was:
| /* confdefs.h.  */
| #define PACKAGE_NAME "datasim"
| #define PACKAGE_TARNAME "datasim"
| #define PACKAGE_VERSION "1.0"
| #define PACKAGE_STRING "datasim 1.0"
| #define PACKAGE_BUGREPORT "zheng.meyer@gmail.com"
| #define PACKAGE "datasim"
| #define VERSION "1.0"
| /* end confdefs.h.  */
| 
| /* Override any GCC internal prototype to avoid an error.
|    Use char because int might match the return type of a GCC
|    builtin and then its argument prototype would still apply.  */
| #ifdef __cplusplus
| extern "C"
| #endif
| char gsl_ran_gaussian_ziggurat ();
| int
| main ()
| {
| return gsl_ran_gaussian_ziggurat ();
|   ;
|   return 0;
| }
configure:3922: result: no
configure:3934: checking for cblasdsdot in -lgslcblas
configure:3969: mpicc -o conftest -g -O2   conftest.c -lgslcblas   >&5
/tmp/cc88VcAT.o: In function `main':
/asiaa/home/zhengmeyer/datasim/conftest.c:21: undefined reference to `cblasdsdot'
collect2: ld returned 1 exit status
configure:3976: $? = 1
configure: failed program was:
| /* confdefs.h.  */
| #define PACKAGE_NAME "datasim"
| #define PACKAGE_TARNAME "datasim"
| #define PACKAGE_VERSION "1.0"
| #define PACKAGE_STRING "datasim 1.0"
| #define PACKAGE_BUGREPORT "zheng.meyer@gmail.com"
| #define PACKAGE "datasim"
| #define VERSION "1.0"
| /* end confdefs.h.  */
| 
| /* Override any GCC internal prototype to avoid an error.
|    Use char because int might match the return type of a GCC
|    builtin and then its argument prototype would still apply.  */
| #ifdef __cplusplus
| extern "C"
| #endif
| char cblasdsdot ();
| int
| main ()
| {
| return cblasdsdot ();
|   ;
|   return 0;
| }
configure:3997: result: no
configure:4009: checking for calculateDelayInterpolator in -lmpifxcorr
configure:4044: mpicc -o conftest -g -O2   conftest.c -lmpifxcorr   >&5
/usr/bin/ld: cannot find -lmpifxcorr
collect2: ld returned 1 exit status
configure:4051: $? = 1
configure: failed program was:
| /* confdefs.h.  */
| #define PACKAGE_NAME "datasim"
| #define PACKAGE_TARNAME "datasim"
| #define PACKAGE_VERSION "1.0"
| #define PACKAGE_STRING "datasim 1.0"
| #define PACKAGE_BUGREPORT "zheng.meyer@gmail.com"
| #define PACKAGE "datasim"
| #define VERSION "1.0"
| /* end confdefs.h.  */
| 
| /* Override any GCC internal prototype to avoid an error.
|    Use char because int might match the return type of a GCC
|    builtin and then its argument prototype would still apply.  */
| #ifdef __cplusplus
| extern "C"
| #endif
| char calculateDelayInterpolator ();
| int
| main ()
| {
| return calculateDelayInterpolator ();
|   ;
|   return 0;
| }
configure:4072: result: no
configure:4087: checking if g++ supports C++0x features without additional flags
configure:4134: mpic++ -c -g -O2  conftest.cpp >&5
conftest.cpp:14: error: expected identifier before 'sizeof'
conftest.cpp:14: error: expected ',' or '...' before 'sizeof'
conftest.cpp:14: error: ISO C++ forbids declaration of 'static_assert' with no type
conftest.cpp:17: error: '>>' should be '> >' within a nested template argument list
conftest.cpp:20: error: expected constructor, destructor, or type conversion before '(' token
conftest.cpp:24: error: expected unqualified-id before '&&' token
configure:4141: $? = 1
configure: failed program was:
| /* confdefs.h.  */
| #define PACKAGE_NAME "datasim"
| #define PACKAGE_TARNAME "datasim"
| #define PACKAGE_VERSION "1.0"
| #define PACKAGE_STRING "datasim 1.0"
| #define PACKAGE_BUGREPORT "zheng.meyer@gmail.com"
| #define PACKAGE "datasim"
| #define VERSION "1.0"
| /* end confdefs.h.  */
| 
|   template <typename T>
|     struct check
|     {
|       static_assert(sizeof(int) <= sizeof(T), "not big enough");
|     };
| 
|     typedef check<check<bool>> right_angle_brackets;
| 
|     int a;
|     decltype(a) b;
| 
|     typedef check<int> check_type;
|     check_type c;
|     check_type&& cr = static_cast<check_type&&>(c);
| int
| main ()
| {
| 
|   ;
|   return 0;
| }
configure:4163: result: no
configure:4166: checking if g++ supports C++0x features with -std=c++0x
configure:4215: mpic++ -c -g -O2 -std=c++0x  conftest.cpp >&5
configure:4222: $? = 0
configure:4245: result: yes
configure:4248: checking if g++ supports C++0x features with -std=gnu++0x
configure:4297: mpic++ -c -g -O2 -std=gnu++0x  conftest.cpp >&5
configure:4304: $? = 0
configure:4327: result: yes
configure:4390: checking for pkg-config
configure:4408: found /usr/bin/pkg-config
configure:4420: result: /usr/bin/pkg-config
configure:4445: checking pkg-config is at least version 0.9.0
configure:4448: result: yes
configure:4459: checking for VDIFIO
configure:4466: $PKG_CONFIG --exists --print-errors "vdifio >= 1.0"
configure:4469: $? = 0
configure:4482: $PKG_CONFIG --exists --print-errors "vdifio >= 1.0"
configure:4485: $? = 0
configure:4562: result: yes
configure:4568: checking for DIFXMESSAGE
configure:4575: $PKG_CONFIG --exists --print-errors "difxmessage >= 2.4.0 difxmessage < 7"
configure:4578: $? = 0
configure:4591: $PKG_CONFIG --exists --print-errors "difxmessage >= 2.4.0 difxmessage < 7"
configure:4594: $? = 0
configure:4671: result: yes
configure:4677: checking for MPIFXCORR
configure:4684: $PKG_CONFIG --exists --print-errors "mpifxcorr >= 2.4.0"
configure:4687: $? = 0
configure:4700: $PKG_CONFIG --exists --print-errors "mpifxcorr >= 2.4.0"
configure:4703: $? = 0
configure:4780: result: yes
configure:4786: checking for MARK5ACCESS
configure:4793: $PKG_CONFIG --exists --print-errors "mark5access >= 1.5.1"
configure:4796: $? = 0
configure:4809: $PKG_CONFIG --exists --print-errors "mark5access >= 1.5.1"
configure:4812: $? = 0
configure:4889: result: yes
configure:4900: checking how to run the C preprocessor
configure:4940: mpicc -E  conftest.c
configure:4947: $? = 0
configure:4978: mpicc -E  conftest.c
conftest.c:11:28: error: ac_nonexistent.h: No such file or directory
configure:4985: $? = 1
configure: failed program was:
| /* confdefs.h.  */
| #define PACKAGE_NAME "datasim"
| #define PACKAGE_TARNAME "datasim"
| #define PACKAGE_VERSION "1.0"
| #define PACKAGE_STRING "datasim 1.0"
| #define PACKAGE_BUGREPORT "zheng.meyer@gmail.com"
| #define PACKAGE "datasim"
| #define VERSION "1.0"
| #define HAVE_STDCXX_0X /**/
| /* end confdefs.h.  */
| #include <ac_nonexistent.h>
configure:5018: result: mpicc -E
configure:5047: mpicc -E  conftest.c
configure:5054: $? = 0
configure:5085: mpicc -E  conftest.c
conftest.c:11:28: error: ac_nonexistent.h: No such file or directory
configure:5092: $? = 1
configure: failed program was:
| /* confdefs.h.  */
| #define PACKAGE_NAME "datasim"
| #define PACKAGE_TARNAME "datasim"
| #define PACKAGE_VERSION "1.0"
| #define PACKAGE_STRING "datasim 1.0"
| #define PACKAGE_BUGREPORT "zheng.meyer@gmail.com"
| #define PACKAGE "datasim"
| #define VERSION "1.0"
| #define HAVE_STDCXX_0X /**/
| /* end confdefs.h.  */
| #include <ac_nonexistent.h>
configure:5132: checking for grep that handles long lines and -e
configure:5192: result: /bin/grep
configure:5197: checking for egrep
configure:5261: result: /bin/grep -E
configure:5266: checking for ANSI C header files
configure:5296: mpicc -c -g -O2  conftest.c >&5
configure:5303: $? = 0
configure:5402: mpicc -o conftest -g -O2   conftest.c  >&5
configure:5406: $? = 0
configure:5412: ./conftest
configure:5416: $? = 0
configure:5434: result: yes
configure:5458: checking for sys/types.h
configure:5479: mpicc -c -g -O2  conftest.c >&5
configure:5486: $? = 0
configure:5503: result: yes
configure:5458: checking for sys/stat.h
configure:5479: mpicc -c -g -O2  conftest.c >&5
configure:5486: $? = 0
configure:5503: result: yes
configure:5458: checking for stdlib.h
configure:5479: mpicc -c -g -O2  conftest.c >&5
configure:5486: $? = 0
configure:5503: result: yes
configure:5458: checking for string.h
configure:5479: mpicc -c -g -O2  conftest.c >&5
configure:5486: $? = 0
configure:5503: result: yes
configure:5458: checking for memory.h
configure:5479: mpicc -c -g -O2  conftest.c >&5
configure:5486: $? = 0
configure:5503: result: yes
configure:5458: checking for strings.h
configure:5479: mpicc -c -g -O2  conftest.c >&5
configure:5486: $? = 0
configure:5503: result: yes
configure:5458: checking for inttypes.h
configure:5479: mpicc -c -g -O2  conftest.c >&5
configure:5486: $? = 0
configure:5503: result: yes
configure:5458: checking for stdint.h
configure:5479: mpicc -c -g -O2  conftest.c >&5
configure:5486: $? = 0
configure:5503: result: yes
configure:5458: checking for unistd.h
configure:5479: mpicc -c -g -O2  conftest.c >&5
configure:5486: $? = 0
configure:5503: result: yes
configure:5522: checking for unistd.h
configure:5529: result: yes
configure:5671: checking for inline
configure:5697: mpicc -c -g -O2  conftest.c >&5
configure:5704: $? = 0
configure:5722: result: inline
configure:5741: checking for size_t
configure:5769: mpicc -c -g -O2  conftest.c >&5
configure:5776: $? = 0
configure:5803: mpicc -c -g -O2  conftest.c >&5
conftest.c: In function 'main':
conftest.c:58: error: expected expression before ')' token
configure:5810: $? = 1
configure: failed program was:
| /* confdefs.h.  */
| #define PACKAGE_NAME "datasim"
| #define PACKAGE_TARNAME "datasim"
| #define PACKAGE_VERSION "1.0"
| #define PACKAGE_STRING "datasim 1.0"
| #define PACKAGE_BUGREPORT "zheng.meyer@gmail.com"
| #define PACKAGE "datasim"
| #define VERSION "1.0"
| #define HAVE_STDCXX_0X /**/
| #define STDC_HEADERS 1
| #define HAVE_SYS_TYPES_H 1
| #define HAVE_SYS_STAT_H 1
| #define HAVE_STDLIB_H 1
| #define HAVE_STRING_H 1
| #define HAVE_MEMORY_H 1
| #define HAVE_STRINGS_H 1
| #define HAVE_INTTYPES_H 1
| #define HAVE_STDINT_H 1
| #define HAVE_UNISTD_H 1
| #define HAVE_UNISTD_H 1
| /* end confdefs.h.  */
| #include <stdio.h>
| #ifdef HAVE_SYS_TYPES_H
| # include <sys/types.h>
| #endif
| #ifdef HAVE_SYS_STAT_H
| # include <sys/stat.h>
| #endif
| #ifdef STDC_HEADERS
| # include <stdlib.h>
| # include <stddef.h>
| #else
| # ifdef HAVE_STDLIB_H
| #  include <stdlib.h>
| # endif
| #endif
| #ifdef HAVE_STRING_H
| # if !defined STDC_HEADERS && defined HAVE_MEMORY_H
| #  include <memory.h>
| # endif
| # include <string.h>
| #endif
| #ifdef HAVE_STRINGS_H
| # include <strings.h>
| #endif
| #ifdef HAVE_INTTYPES_H
| # include <inttypes.h>
| #endif
| #ifdef HAVE_STDINT_H
| # include <stdint.h>
| #endif
| #ifdef HAVE_UNISTD_H
| # include <unistd.h>
| #endif
| int
| main ()
| {
| if (sizeof ((size_t)))
| 	  return 0;
|   ;
|   return 0;
| }
configure:5833: result: yes
configure:5846: checking for uint8_t
configure:5877: mpicc -c -g -O2  conftest.c >&5
configure:5884: $? = 0
configure:5905: result: yes
configure:5931: checking for floor
configure:5987: mpicc -o conftest -g -O2   conftest.c  >&5
conftest.c:45: warning: conflicting types for built-in function 'floor'
configure:5994: $? = 0
configure:6016: result: yes
configure:5931: checking for pow
configure:5987: mpicc -o conftest -g -O2   conftest.c  >&5
conftest.c:46: warning: conflicting types for built-in function 'pow'
configure:5994: $? = 0
configure:6016: result: yes
configure:5931: checking for rint
configure:5987: mpicc -o conftest -g -O2   conftest.c  >&5
conftest.c:47: warning: conflicting types for built-in function 'rint'
configure:5994: $? = 0
configure:6016: result: yes
configure:5931: checking for sqrt
configure:5987: mpicc -o conftest -g -O2   conftest.c  >&5
conftest.c:48: warning: conflicting types for built-in function 'sqrt'
configure:5994: $? = 0
configure:6016: result: yes
configure:6166: creating ./config.status

## ---------------------- ##
## Running config.status. ##
## ---------------------- ##

This file was extended by datasim config.status 1.0, which was
generated by GNU Autoconf 2.63.  Invocation command line was

  CONFIG_FILES    = 
  CONFIG_HEADERS  = 
  CONFIG_LINKS    = 
  CONFIG_COMMANDS = 
  $ ./config.status 

on node01

config.status:802: creating Makefile
config.status:802: creating examples/Makefile
config.status:802: creating scripts/Makefile
config.status:802: creating src/Makefile
config.status:802: creating config.h
config.status:1024: config.h is unchanged
config.status:1076: executing depfiles commands

## ---------------- ##
## Cache variables. ##
## ---------------- ##

ac_cv_c_compiler_gnu=yes
ac_cv_c_inline=inline
ac_cv_c_uint8_t=yes
ac_cv_cxx_compiler_gnu=yes
ac_cv_env_CCC_set=
ac_cv_env_CCC_value=
ac_cv_env_CC_set=
ac_cv_env_CC_value=
ac_cv_env_CFLAGS_set=
ac_cv_env_CFLAGS_value=
ac_cv_env_CPPFLAGS_set=
ac_cv_env_CPPFLAGS_value=
ac_cv_env_CPP_set=
ac_cv_env_CPP_value=
ac_cv_env_CXXFLAGS_set=
ac_cv_env_CXXFLAGS_value=
ac_cv_env_CXX_set=
ac_cv_env_CXX_value=
ac_cv_env_DIFXMESSAGE_CFLAGS_set=
ac_cv_env_DIFXMESSAGE_CFLAGS_value=
ac_cv_env_DIFXMESSAGE_LIBS_set=
ac_cv_env_DIFXMESSAGE_LIBS_value=
ac_cv_env_LDFLAGS_set=
ac_cv_env_LDFLAGS_value=
ac_cv_env_LIBS_set=
ac_cv_env_LIBS_value=
ac_cv_env_MARK5ACCESS_CFLAGS_set=
ac_cv_env_MARK5ACCESS_CFLAGS_value=
ac_cv_env_MARK5ACCESS_LIBS_set=
ac_cv_env_MARK5ACCESS_LIBS_value=
ac_cv_env_MPIFXCORR_CFLAGS_set=
ac_cv_env_MPIFXCORR_CFLAGS_value=
ac_cv_env_MPIFXCORR_LIBS_set=
ac_cv_env_MPIFXCORR_LIBS_value=
ac_cv_env_PKG_CONFIG_set=
ac_cv_env_PKG_CONFIG_value=
ac_cv_env_VDIFIO_CFLAGS_set=
ac_cv_env_VDIFIO_CFLAGS_value=
ac_cv_env_VDIFIO_LIBS_set=
ac_cv_env_VDIFIO_LIBS_value=
ac_cv_env_build_alias_set=
ac_cv_env_build_alias_value=
ac_cv_env_host_alias_set=
ac_cv_env_host_alias_value=
ac_cv_env_target_alias_set=
ac_cv_env_target_alias_value=
ac_cv_func_floor=yes
ac_cv_func_pow=yes
ac_cv_func_rint=yes
ac_cv_func_sqrt=yes
ac_cv_header_inttypes_h=yes
ac_cv_header_memory_h=yes
ac_cv_header_stdc=yes
ac_cv_header_stdint_h=yes
ac_cv_header_stdlib_h=yes
ac_cv_header_string_h=yes
ac_cv_header_strings_h=yes
ac_cv_header_sys_stat_h=yes
ac_cv_header_sys_types_h=yes
ac_cv_header_unistd_h=yes
ac_cv_lib_gsl_gsl_ran_gaussian_ziggurat=no
ac_cv_lib_gslcblas_cblasdsdot=no
ac_cv_lib_mpifxcorr_calculateDelayInterpolator=no
ac_cv_objext=o
ac_cv_path_EGREP='/bin/grep -E'
ac_cv_path_GREP=/bin/grep
ac_cv_path_ac_pt_PKG_CONFIG=/usr/bin/pkg-config
ac_cv_path_install='/usr/bin/install -c'
ac_cv_path_mkdir=/bin/mkdir
ac_cv_prog_AWK=gawk
ac_cv_prog_CPP='mpicc -E'
ac_cv_prog_ac_ct_CC=mpicc
ac_cv_prog_ac_ct_CXX=mpic++
ac_cv_prog_cc_c89=
ac_cv_prog_cc_g=yes
ac_cv_prog_cxx_g=yes
ac_cv_prog_make_make_set=yes
ac_cv_type_size_t=yes
am_cv_CC_dependencies_compiler_type=gcc3
am_cv_CXX_dependencies_compiler_type=gcc3
ax_cv_cxx_compile_cxx0x_cxx=yes
ax_cv_cxx_compile_cxx0x_gxx=yes
ax_cv_cxx_compile_cxx0x_native=no
pkg_cv_DIFXMESSAGE_CFLAGS='-I/glthome/DiFX/DiFX-2.4.0/include  '
pkg_cv_DIFXMESSAGE_LIBS='-L/glthome/DiFX/DiFX-2.4.0/lib -ldifxmessage  '
pkg_cv_MARK5ACCESS_CFLAGS='-I/glthome/DiFX/DiFX-2.4.0/include  '
pkg_cv_MARK5ACCESS_LIBS='-L/glthome/DiFX/DiFX-2.4.0/lib -lmark5access  '
pkg_cv_MPIFXCORR_CFLAGS='-I/glthome/DiFX/DiFX-2.4.0/include/mpifxcorr -I/glthome/intel/composer_xe_2013.1.117/ipp/include  '
pkg_cv_MPIFXCORR_LIBS='-Wl,-rpath,/glthome/intel/composer_xe_2013.1.117/lib/intel64 -Wl,-rpath,/glthome/intel/composer_xe_2013.1.117/ipp/lib/intel64 -L/glthome/DiFX/DiFX-2.4.0/lib -L/glthome/intel/composer_xe_2013.1.117/lib/intel64 -L/glthome/intel/composer_xe_2013.1.117/ipp/lib/intel64 -L/glthome/intel/composer_xe_2013.1.117/compiler/lib/intel64 -lmpifxcorr -lipps -lippvm -lippcore -liomp5 -lpthread  '
pkg_cv_VDIFIO_CFLAGS='-I/glthome/DiFX/DiFX-2.4.0/include/vdifio  '
pkg_cv_VDIFIO_LIBS='-L/glthome/DiFX/DiFX-2.4.0/lib -lvdifio  '

## ----------------- ##
## Output variables. ##
## ----------------- ##

ACLOCAL='${SHELL} /asiaa/home/zhengmeyer/datasim/missing --run aclocal-1.11'
AMDEPBACKSLASH='\'
AMDEP_FALSE='#'
AMDEP_TRUE=''
AMTAR='${SHELL} /asiaa/home/zhengmeyer/datasim/missing --run tar'
AUTOCONF='${SHELL} /asiaa/home/zhengmeyer/datasim/missing --run autoconf'
AUTOHEADER='${SHELL} /asiaa/home/zhengmeyer/datasim/missing --run autoheader'
AUTOMAKE='${SHELL} /asiaa/home/zhengmeyer/datasim/missing --run automake-1.11'
AWK='gawk'
CC='mpicc'
CCDEPMODE='depmode=gcc3'
CFLAGS='-g -O2  -I/glthome/DiFX/DiFX-2.4.0/include   -I/glthome/DiFX/DiFX-2.4.0/include   -I/glthome/DiFX/DiFX-2.4.0/include/mpifxcorr -I/glthome/intel/composer_xe_2013.1.117/ipp/include  '
CPP='mpicc -E'
CPPFLAGS=''
CXX='mpic++'
CXXDEPMODE='depmode=gcc3'
CXXFLAGS='-g -O2 -g -O2  -I/glthome/DiFX/DiFX-2.4.0/include   -I/glthome/DiFX/DiFX-2.4.0/include   -I/glthome/DiFX/DiFX-2.4.0/include/mpifxcorr -I/glthome/intel/composer_xe_2013.1.117/ipp/include  '
CYGPATH_W='echo'
DEFS='-DHAVE_CONFIG_H'
DEPDIR='.deps'
DIFXMESSAGE_CFLAGS='-I/glthome/DiFX/DiFX-2.4.0/include  '
DIFXMESSAGE_LIBS='-L/glthome/DiFX/DiFX-2.4.0/lib -ldifxmessage  '
ECHO_C=''
ECHO_N='-n'
ECHO_T=''
EGREP='/bin/grep -E'
EXEEXT=''
GREP='/bin/grep'
INSTALL_DATA='${INSTALL} -m 644'
INSTALL_PROGRAM='${INSTALL}'
INSTALL_SCRIPT='${INSTALL}'
INSTALL_STRIP_PROGRAM='$(install_sh) -c -s'
LDFLAGS=''
LIBOBJS=''
LIBS='  -L/glthome/DiFX/DiFX-2.4.0/lib -ldifxmessage   -L/glthome/DiFX/DiFX-2.4.0/lib -lmark5access   -Wl,-rpath,/glthome/intel/composer_xe_2013.1.117/lib/intel64 -Wl,-rpath,/glthome/intel/composer_xe_2013.1.117/ipp/lib/intel64 -L/glthome/DiFX/DiFX-2.4.0/lib -L/glthome/intel/composer_xe_2013.1.117/lib/intel64 -L/glthome/intel/composer_xe_2013.1.117/ipp/lib/intel64 -L/glthome/intel/composer_xe_2013.1.117/compiler/lib/intel64 -lmpifxcorr -lipps -lippvm -lippcore -liomp5 -lpthread  '
LTLIBOBJS=''
MAKEINFO='${SHELL} /asiaa/home/zhengmeyer/datasim/missing --run makeinfo'
MARK5ACCESS_CFLAGS='-I/glthome/DiFX/DiFX-2.4.0/include  '
MARK5ACCESS_LIBS='-L/glthome/DiFX/DiFX-2.4.0/lib -lmark5access  '
MKDIR_P='/bin/mkdir -p'
MPIFXCORR_CFLAGS='-I/glthome/DiFX/DiFX-2.4.0/include/mpifxcorr -I/glthome/intel/composer_xe_2013.1.117/ipp/include  '
MPIFXCORR_LIBS='-Wl,-rpath,/glthome/intel/composer_xe_2013.1.117/lib/intel64 -Wl,-rpath,/glthome/intel/composer_xe_2013.1.117/ipp/lib/intel64 -L/glthome/DiFX/DiFX-2.4.0/lib -L/glthome/intel/composer_xe_2013.1.117/lib/intel64 -L/glthome/intel/composer_xe_2013.1.117/ipp/lib/intel64 -L/glthome/intel/composer_xe_2013.1.117/compiler/lib/intel64 -lmpifxcorr -lipps -lippvm -lippcore -liomp5 -lpthread  '
OBJEXT='o'
PACKAGE='datasim'
PACKAGE_BUGREPORT='zheng.meyer@gmail.com'
PACKAGE_NAME='datasim'
PACKAGE_STRING='datasim 1.0'
PACKAGE_TARNAME='datasim'
PACKAGE_VERSION='1.0'
PATH_SEPARATOR=':'
PKG_CONFIG='/usr/bin/pkg-config'
SET_MAKE=''
SHELL='/bin/sh'
STRIP=''
VDIFIO_CFLAGS='-I/glthome/DiFX/DiFX-2.4.0/include/vdifio  '
VDIFIO_LIBS='-L/glthome/DiFX/DiFX-2.4.0/lib -lvdifio  '
VERSION='1.0'
ac_ct_CC='mpicc'
ac_ct_CXX='mpic++'
am__EXEEXT_FALSE=''
am__EXEEXT_TRUE='#'
am__fastdepCC_FALSE='#'
am__fastdepCC_TRUE=''
am__fastdepCXX_FALSE='#'
am__fastdepCXX_TRUE=''
am__include='include'
am__isrc=''
am__leading_dot='.'
am__quote=''
am__tar='${AMTAR} chof - "$$tardir"'
am__untar='${AMTAR} xf -'
bindir='${exec_prefix}/bin'
build_alias=''
datadir='${datarootdir}'
datarootdir='${prefix}/share'
docdir='${datarootdir}/doc/${PACKAGE_TARNAME}'
dvidir='${docdir}'
exec_prefix='${prefix}'
host_alias=''
htmldir='${docdir}'
includedir='${prefix}/include'
infodir='${datarootdir}/info'
install_sh='${SHELL} /asiaa/home/zhengmeyer/datasim/install-sh'
libdir='${exec_prefix}/lib'
libexecdir='${exec_prefix}/libexec'
localedir='${datarootdir}/locale'
localstatedir='${prefix}/var'
mandir='${datarootdir}/man'
mkdir_p='/bin/mkdir -p'
oldincludedir='/usr/include'
pdfdir='${docdir}'
prefix='/glthome'
program_transform_name='s,x,x,'
psdir='${docdir}'
sbindir='${exec_prefix}/sbin'
sharedstatedir='${prefix}/com'
sysconfdir='${prefix}/etc'
target_alias=''

## ----------- ##
## confdefs.h. ##
## ----------- ##

#define PACKAGE_NAME "datasim"
#define PACKAGE_TARNAME "datasim"
#define PACKAGE_VERSION "1.0"
#define PACKAGE_STRING "datasim 1.0"
#define PACKAGE_BUGREPORT "zheng.meyer@gmail.com"
#define PACKAGE "datasim"
#define VERSION "1.0"
#define HAVE_STDCXX_0X /**/
#define STDC_HEADERS 1
#define HAVE_SYS_TYPES_H 1
#define HAVE_SYS_STAT_H 1
#define HAVE_STDLIB_H 1
#define HAVE_STRING_H 1
#define HAVE_MEMORY_H 1
#define HAVE_STRINGS_H 1
#define HAVE_INTTYPES_H 1
#define HAVE_STDINT_H 1
#define HAVE_UNISTD_H 1
#define HAVE_UNISTD_H 1
#define HAVE_FLOOR 1
#define HAVE_POW 1
#define HAVE_RINT 1
#define HAVE_SQRT 1

configure: exit 0
